The system is: Windows - 10.0.19042 - AMD64
Compiling the C compiler identification source file "CMakeCCompilerId.c" succeeded.
Compiler: C:/Program Files (x86)/Microsoft Visual Studio/2017/BuildTools/VC/Tools/MSVC/14.16.27023/bin/Hostx86/x86/cl.exe 
Build flags: 
Id flags:  

The output was:
0
Compilador de optimización de C/C++ de Microsoft (R) versión 19.16.27045 para x86
(C) Microsoft Corporation. Todos los derechos reservados.

CMakeCCompilerId.c
Microsoft (R) Incremental Linker Version 14.16.27045.0
Copyright (C) Microsoft Corporation.  All rights reserved.

/out:CMakeCCompilerId.exe 
CMakeCCompilerId.obj 


Compilation of the C compiler identification source "CMakeCCompilerId.c" produced "CMakeCCompilerId.exe"

Compilation of the C compiler identification source "CMakeCCompilerId.c" produced "CMakeCCompilerId.obj"

The C compiler identification is MSVC, found in "C:/dev/algorithms/karatsuba/c/cmake-build-debug/CMakeFiles/3.17.3/CompilerIdC/CMakeCCompilerId.exe"

Determining if the C compiler works passed with the following output:
Change Dir: C:/dev/algorithms/karatsuba/c/cmake-build-debug/CMakeFiles/CMakeTmp

Run Build Command(s):nmake /nologo cmTC_eaf86\fast && 	"C:\Program Files (x86)\Microsoft Visual Studio\2017\BuildTools\VC\Tools\MSVC\14.16.27023\bin\HostX86\x86\nmake.exe"  -f CMakeFiles\cmTC_eaf86.dir\build.make /nologo -L                  CMakeFiles\cmTC_eaf86.dir\build
Building C object CMakeFiles/cmTC_eaf86.dir/testCCompiler.c.obj
	C:\PROGRA~2\MICROS~2\2017\BUILDT~1\VC\Tools\MSVC\1416~1.270\bin\Hostx86\x86\cl.exe @C:\Users\willi\AppData\Local\Temp\nm8DA5.tmp
testCCompiler.c
Linking C executable cmTC_eaf86.exe
	C:\Users\willi\AppData\Local\JetBrains\Toolbox\apps\CLion\ch-0\203.5981.166\bin\cmake\win\bin\cmake.exe -E vs_link_exe --intdir=CMakeFiles\cmTC_eaf86.dir --rc=C:\PROGRA~2\WI3CF2~1\10\bin\100177~1.0\x86\rc.exe --mt=C:\PROGRA~2\WI3CF2~1\10\bin\100177~1.0\x86\mt.exe --manifests  -- C:\PROGRA~2\MICROS~2\2017\BUILDT~1\VC\Tools\MSVC\1416~1.270\bin\Hostx86\x86\link.exe /nologo @CMakeFiles\cmTC_eaf86.dir\objects1.rsp @C:\Users\willi\AppData\Local\Temp\nm8EFE.tmp



Detecting C compiler ABI info compiled with the following output:
Change Dir: C:/dev/algorithms/karatsuba/c/cmake-build-debug/CMakeFiles/CMakeTmp

Run Build Command(s):nmake /nologo cmTC_46581\fast && 	"C:\Program Files (x86)\Microsoft Visual Studio\2017\BuildTools\VC\Tools\MSVC\14.16.27023\bin\HostX86\x86\nmake.exe"  -f CMakeFiles\cmTC_46581.dir\build.make /nologo -L                  CMakeFiles\cmTC_46581.dir\build
Building C object CMakeFiles/cmTC_46581.dir/CMakeCCompilerABI.c.obj
	C:\PROGRA~2\MICROS~2\2017\BUILDT~1\VC\Tools\MSVC\1416~1.270\bin\Hostx86\x86\cl.exe @C:\Users\willi\AppData\Local\Temp\nm9287.tmp
CMakeCCompilerABI.c
Linking C executable cmTC_46581.exe
	C:\Users\willi\AppData\Local\JetBrains\Toolbox\apps\CLion\ch-0\203.5981.166\bin\cmake\win\bin\cmake.exe -E vs_link_exe --intdir=CMakeFiles\cmTC_46581.dir --rc=C:\PROGRA~2\WI3CF2~1\10\bin\100177~1.0\x86\rc.exe --mt=C:\PROGRA~2\WI3CF2~1\10\bin\100177~1.0\x86\mt.exe --manifests  -- C:\PROGRA~2\MICROS~2\2017\BUILDT~1\VC\Tools\MSVC\1416~1.270\bin\Hostx86\x86\link.exe /nologo @CMakeFiles\cmTC_46581.dir\objects1.rsp @C:\Users\willi\AppData\Local\Temp\nm92B7.tmp



